<?xml version="1.0" encoding="UTF-8"?>
<!-- Generated by org.testng.reporters.JUnitXMLReporter -->
<testsuite hostname="SHI58495EU1003F" ignored="1" name="Default test" tests="1" failures="0" timestamp="05 Apr 2017 08:32:55 GMT" time="32.934" errors="0">
  <testcase name="clk_SigninLink" time="7.004" classname="com.Script.HomePage"/>
  <testcase name="scrollHeroBanner" time="0.0" classname="com.Script.HomePage">
    <ignored/>
  </testcase> <!-- scrollHeroBanner -->
</testsuite> <!-- Default test -->
