<?xml version="1.0" encoding="UTF-8"?>
<testng-results skipped="0" failed="1" ignored="0" total="1" passed="0">
  <reporter-output>
  </reporter-output>
  <suite name="Default suite" duration-ms="117372" started-at="2017-04-27T13:31:01Z" finished-at="2017-04-27T13:32:58Z">
    <groups>
    </groups>
    <test name="Default test" duration-ms="117372" started-at="2017-04-27T13:31:01Z" finished-at="2017-04-27T13:32:58Z">
      <class name="com.Script.CartPage">
        <test-method status="PASS" signature="openApp()[pri:0, instance:com.Script.CartPage@27efef64]" name="openApp" is-config="true" duration-ms="30360" started-at="2017-04-27T19:01:01Z" finished-at="2017-04-27T19:01:31Z">
          <reporter-output>
          </reporter-output>
        </test-method> <!-- openApp -->
        <test-method status="FAIL" signature="quantitySelect()[pri:0, instance:com.Script.CartPage@27efef64]" name="quantitySelect" duration-ms="84145" started-at="2017-04-27T19:01:31Z" finished-at="2017-04-27T19:02:55Z">
          <exception class="org.openqa.selenium.NoSuchElementException">
            <message>
              <![CDATA[An element could not be located on the page using the given search parameters. (WARNING: The server did not provide any stacktrace information)
Command duration or timeout: 60.37 seconds
For documentation on this error, please visit: http://seleniumhq.org/exceptions/no_such_element.html
Build info: version: '2.53.1', revision: 'a36b8b1cd5757287168e54b817830adce9b0158d', time: '2016-06-30 19:26:09'
System info: host: 'SHI58495EU1003F', ip: '172.29.130.140', os.name: 'Windows 7', os.arch: 'amd64', os.version: '6.1', java.version: '1.8.0_11'
Driver info: io.appium.java_client.android.AndroidDriver
Capabilities [{appPackage=com.sears.android.debug, unicodekeyboard=true, networkConnectionEnabled=true, warnings={}, databaseEnabled=false, deviceName=ccdcb242, platform=LINUX, appActivity=com.android.sears.activity.MenuDrawerActivity, desired={appPackage=com.sears.android.debug, appActivity=com.android.sears.activity.MenuDrawerActivity, unicodekeyboard=true, platformVersion=6.0.1, automationName=Android, resetkeyboard=true, platformName=Android, deviceName=ccdcb242}, platformVersion=6.0.1, webStorageEnabled=false, locationContextEnabled=false, automationName=Android, browserName=Android, takesScreenshot=true, javascriptEnabled=true, resetkeyboard=true, platformName=Android}]
Session ID: f82c0a1b-7635-4c24-9b3b-e4a9c7841a42
*** Element info: {Using=xpath, value=//android.webkit.WebView[@index='0']//android.view.View[@index='4']//android.view.View[@content-desc='FREEPickup']}]]>
            </message>
            <full-stacktrace>
              <![CDATA[org.openqa.selenium.NoSuchElementException: An element could not be located on the page using the given search parameters. (WARNING: The server did not provide any stacktrace information)
Command duration or timeout: 60.37 seconds
For documentation on this error, please visit: http://seleniumhq.org/exceptions/no_such_element.html
Build info: version: '2.53.1', revision: 'a36b8b1cd5757287168e54b817830adce9b0158d', time: '2016-06-30 19:26:09'
System info: host: 'SHI58495EU1003F', ip: '172.29.130.140', os.name: 'Windows 7', os.arch: 'amd64', os.version: '6.1', java.version: '1.8.0_11'
Driver info: io.appium.java_client.android.AndroidDriver
Capabilities [{appPackage=com.sears.android.debug, unicodekeyboard=true, networkConnectionEnabled=true, warnings={}, databaseEnabled=false, deviceName=ccdcb242, platform=LINUX, appActivity=com.android.sears.activity.MenuDrawerActivity, desired={appPackage=com.sears.android.debug, appActivity=com.android.sears.activity.MenuDrawerActivity, unicodekeyboard=true, platformVersion=6.0.1, automationName=Android, resetkeyboard=true, platformName=Android, deviceName=ccdcb242}, platformVersion=6.0.1, webStorageEnabled=false, locationContextEnabled=false, automationName=Android, browserName=Android, takesScreenshot=true, javascriptEnabled=true, resetkeyboard=true, platformName=Android}]
Session ID: f82c0a1b-7635-4c24-9b3b-e4a9c7841a42
*** Element info: {Using=xpath, value=//android.webkit.WebView[@index='0']//android.view.View[@index='4']//android.view.View[@content-desc='FREEPickup']}
	at sun.reflect.NativeConstructorAccessorImpl.newInstance0(Native Method)
	at sun.reflect.NativeConstructorAccessorImpl.newInstance(NativeConstructorAccessorImpl.java:62)
	at sun.reflect.DelegatingConstructorAccessorImpl.newInstance(DelegatingConstructorAccessorImpl.java:45)
	at java.lang.reflect.Constructor.newInstance(Constructor.java:408)
	at org.openqa.selenium.remote.ErrorHandler.createThrowable(ErrorHandler.java:206)
	at org.openqa.selenium.remote.ErrorHandler.throwIfResponseFailed(ErrorHandler.java:158)
	at org.openqa.selenium.remote.RemoteWebDriver.execute(RemoteWebDriver.java:678)
	at io.appium.java_client.DefaultGenericMobileDriver.execute(DefaultGenericMobileDriver.java:43)
	at io.appium.java_client.AppiumDriver.execute(AppiumDriver.java:1)
	at io.appium.java_client.android.AndroidDriver.execute(AndroidDriver.java:1)
	at org.openqa.selenium.remote.RemoteWebDriver.findElement(RemoteWebDriver.java:363)
	at org.openqa.selenium.remote.RemoteWebDriver.findElementByXPath(RemoteWebDriver.java:500)
	at io.appium.java_client.DefaultGenericMobileDriver.findElementByXPath(DefaultGenericMobileDriver.java:129)
	at io.appium.java_client.AppiumDriver.findElementByXPath(AppiumDriver.java:1)
	at io.appium.java_client.android.AndroidDriver.findElementByXPath(AndroidDriver.java:1)
	at org.openqa.selenium.By$ByXPath.findElement(By.java:361)
	at org.openqa.selenium.remote.RemoteWebDriver.findElement(RemoteWebDriver.java:355)
	at io.appium.java_client.DefaultGenericMobileDriver.findElement(DefaultGenericMobileDriver.java:51)
	at io.appium.java_client.AppiumDriver.findElement(AppiumDriver.java:1)
	at io.appium.java_client.android.AndroidDriver.findElement(AndroidDriver.java:1)
	at org.openqa.selenium.support.pagefactory.DefaultElementLocator.findElement(DefaultElementLocator.java:69)
	at org.openqa.selenium.support.pagefactory.internal.LocatingElementHandler.invoke(LocatingElementHandler.java:38)
	at com.sun.proxy.$Proxy7.click(Unknown Source)
	at com.PomClass.CartPage_POM.selectMethodDropdown(CartPage_POM.java:77)
	at com.Script.CartPage.quantitySelect(CartPage.java:33)
	at sun.reflect.NativeMethodAccessorImpl.invoke0(Native Method)
	at sun.reflect.NativeMethodAccessorImpl.invoke(NativeMethodAccessorImpl.java:62)
	at sun.reflect.DelegatingMethodAccessorImpl.invoke(DelegatingMethodAccessorImpl.java:43)
	at java.lang.reflect.Method.invoke(Method.java:483)
	at org.testng.internal.MethodInvocationHelper.invokeMethod(MethodInvocationHelper.java:104)
	at org.testng.internal.Invoker.invokeMethod(Invoker.java:645)
	at org.testng.internal.Invoker.invokeTestMethod(Invoker.java:851)
	at org.testng.internal.Invoker.invokeTestMethods(Invoker.java:1177)
	at org.testng.internal.TestMethodWorker.invokeTestMethods(TestMethodWorker.java:129)
	at org.testng.internal.TestMethodWorker.run(TestMethodWorker.java:112)
	at org.testng.TestRunner.privateRun(TestRunner.java:756)
	at org.testng.TestRunner.run(TestRunner.java:610)
	at org.testng.SuiteRunner.runTest(SuiteRunner.java:387)
	at org.testng.SuiteRunner.runSequentially(SuiteRunner.java:382)
	at org.testng.SuiteRunner.privateRun(SuiteRunner.java:340)
	at org.testng.SuiteRunner.run(SuiteRunner.java:289)
	at org.testng.SuiteRunnerWorker.runSuite(SuiteRunnerWorker.java:52)
	at org.testng.SuiteRunnerWorker.run(SuiteRunnerWorker.java:86)
	at org.testng.TestNG.runSuitesSequentially(TestNG.java:1293)
	at org.testng.TestNG.runSuitesLocally(TestNG.java:1218)
	at org.testng.TestNG.runSuites(TestNG.java:1133)
	at org.testng.TestNG.run(TestNG.java:1104)
	at org.testng.remote.AbstractRemoteTestNG.run(AbstractRemoteTestNG.java:132)
	at org.testng.remote.RemoteTestNG.initAndRun(RemoteTestNG.java:236)
	at org.testng.remote.RemoteTestNG.main(RemoteTestNG.java:81)
]]>
            </full-stacktrace>
          </exception> <!-- org.openqa.selenium.NoSuchElementException -->
          <reporter-output>
          </reporter-output>
        </test-method> <!-- quantitySelect -->
        <test-method status="PASS" signature="closeApp()[pri:0, instance:com.Script.CartPage@27efef64]" name="closeApp" is-config="true" duration-ms="2545" started-at="2017-04-27T19:02:55Z" finished-at="2017-04-27T19:02:58Z">
          <reporter-output>
          </reporter-output>
        </test-method> <!-- closeApp -->
      </class> <!-- com.Script.CartPage -->
    </test> <!-- Default test -->
  </suite> <!-- Default suite -->
</testng-results>
