<?xml version="1.0" encoding="UTF-8"?>
<testng-results skipped="0" failed="0" ignored="1" total="2" passed="1">
  <reporter-output>
  </reporter-output>
  <suite name="Default suite" duration-ms="32934" started-at="2017-04-05T08:32:21Z" finished-at="2017-04-05T08:32:54Z">
    <groups>
    </groups>
    <test name="Default test" duration-ms="32934" started-at="2017-04-05T08:32:21Z" finished-at="2017-04-05T08:32:54Z">
      <class name="com.Script.HomePage">
        <test-method status="PASS" signature="startserver()[pri:0, instance:com.Script.HomePage@42d80b78]" name="startserver" is-config="true" duration-ms="21127" started-at="2017-04-05T14:02:00Z" finished-at="2017-04-05T14:02:21Z">
          <reporter-output>
          </reporter-output>
        </test-method> <!-- startserver -->
        <test-method status="PASS" signature="openApp()[pri:0, instance:com.Script.HomePage@42d80b78]" name="openApp" is-config="true" duration-ms="25876" started-at="2017-04-05T14:02:21Z" finished-at="2017-04-05T14:02:47Z">
          <reporter-output>
          </reporter-output>
        </test-method> <!-- openApp -->
        <test-method status="PASS" signature="clk_SigninLink()[pri:0, instance:com.Script.HomePage@42d80b78]" name="clk_SigninLink" duration-ms="7004" started-at="2017-04-05T14:02:47Z" finished-at="2017-04-05T14:02:54Z">
          <reporter-output>
          </reporter-output>
        </test-method> <!-- clk_SigninLink -->
        <test-method status="PASS" signature="stopServer()[pri:0, instance:com.Script.HomePage@42d80b78]" name="stopServer" is-config="true" duration-ms="12788" started-at="2017-04-05T14:02:55Z" finished-at="2017-04-05T14:03:07Z">
          <reporter-output>
          </reporter-output>
        </test-method> <!-- stopServer -->
      </class> <!-- com.Script.HomePage -->
    </test> <!-- Default test -->
  </suite> <!-- Default suite -->
</testng-results>
